c:\users\brend\source\repos\helloworldwindowsiot\sensors.dht\x64\debug\pch.pch
c:\users\brend\source\repos\helloworldwindowsiot\sensors.dht\x64\debug\vc142.pdb
c:\users\brend\source\repos\helloworldwindowsiot\sensors.dht\x64\debug\vc142.idb
c:\users\brend\source\repos\helloworldwindowsiot\sensors.dht\x64\debug\pch.obj
c:\users\brend\source\repos\helloworldwindowsiot\sensors.dht\x64\debug\dht11.obj
c:\users\brend\source\repos\helloworldwindowsiot\sensors.dht\x64\debug\dht22.obj
c:\users\brend\source\repos\helloworldwindowsiot\x64\debug\sensors.dht\sensors.dht.ilk
c:\users\brend\source\repos\helloworldwindowsiot\x64\debug\sensors.dht\sensors.dht.dll
c:\users\brend\source\repos\helloworldwindowsiot\x64\debug\sensors.dht\sensors.dht.winmd
c:\users\brend\source\repos\helloworldwindowsiot\x64\debug\sensors.dht\sensors.dht.pdb
c:\users\brend\source\repos\helloworldwindowsiot\x64\debug\sensors.dht\sensors.dht.lib
c:\users\brend\source\repos\helloworldwindowsiot\x64\debug\sensors.dht\sensors.dht.exp
c:\users\brend\source\repos\helloworldwindowsiot\sensors.dht\x64\debug\priconfig.xml
c:\users\brend\source\repos\helloworldwindowsiot\sensors.dht\x64\debug\priconfig.xml.intermediate
c:\users\brend\source\repos\helloworldwindowsiot\sensors.dht\x64\debug\unfiltered.layout.resfiles
c:\users\brend\source\repos\helloworldwindowsiot\sensors.dht\x64\debug\unfiltered.layout.resfiles.intermediate
c:\users\brend\source\repos\helloworldwindowsiot\sensors.dht\x64\debug\filtered.layout.resfiles
c:\users\brend\source\repos\helloworldwindowsiot\sensors.dht\x64\debug\filtered.layout.resfiles.intermediate
c:\users\brend\source\repos\helloworldwindowsiot\sensors.dht\x64\debug\excluded.layout.resfiles
c:\users\brend\source\repos\helloworldwindowsiot\sensors.dht\x64\debug\excluded.layout.resfiles.intermediate
c:\users\brend\source\repos\helloworldwindowsiot\sensors.dht\x64\debug\resources.resfiles
c:\users\brend\source\repos\helloworldwindowsiot\sensors.dht\x64\debug\resources.resfiles.intermediate
c:\users\brend\source\repos\helloworldwindowsiot\sensors.dht\x64\debug\pri.resfiles
c:\users\brend\source\repos\helloworldwindowsiot\sensors.dht\x64\debug\pri.resfiles.intermediate
c:\users\brend\source\repos\helloworldwindowsiot\x64\debug\sensors.dht\sensors.dht.pri
c:\users\brend\source\repos\helloworldwindowsiot\sensors.dht\x64\debug\qualifiers.txt
c:\users\brend\source\repos\helloworldwindowsiot\sensors.dht\x64\debug\qualifiers.txt.intermediate
c:\users\brend\source\repos\helloworldwindowsiot\sensors.dht\x64\debug\multiplequalifiersperdimensionfound.txt
c:\users\brend\source\repos\helloworldwindowsiot\sensors.dht\x64\debug\sensors.dht.tlog\cl.command.1.tlog
c:\users\brend\source\repos\helloworldwindowsiot\sensors.dht\x64\debug\sensors.dht.tlog\cl.read.1.tlog
c:\users\brend\source\repos\helloworldwindowsiot\sensors.dht\x64\debug\sensors.dht.tlog\cl.write.1.tlog
c:\users\brend\source\repos\helloworldwindowsiot\sensors.dht\x64\debug\sensors.dht.tlog\link.command.1.tlog
c:\users\brend\source\repos\helloworldwindowsiot\sensors.dht\x64\debug\sensors.dht.tlog\link.read.1.tlog
c:\users\brend\source\repos\helloworldwindowsiot\sensors.dht\x64\debug\sensors.dht.tlog\link.write.1.tlog
c:\users\brend\source\repos\helloworldwindowsiot\sensors.dht\x64\debug\sensors.dht.tlog\sensors.dht.read.1u.tlog
c:\users\brend\source\repos\helloworldwindowsiot\sensors.dht\x64\debug\sensors.dht.tlog\sensors.dht.write.1u.tlog
